# JRE version: OpenJDK Runtime Environment (8.0_152-b01) (build 1.8.0_152-release-1024-b01)
# Java VM: OpenJDK 64-Bit Server VM (25.152-b01 mixed mode linux-amd64 compressed oops)
Heap:
 PSYoungGen      total 413696K, used 43645K [0x00000000e0000000, 0x00000000ffc00000, 0x0000000100000000)
  eden space 306688K, 0% used [0x00000000e0000000,0x00000000e0000000,0x00000000f2b80000)
  from space 107008K, 40% used [0x00000000f9380000,0x00000000fbe1f540,0x00000000ffc00000)
  to   space 106496K, 0% used [0x00000000f2b80000,0x00000000f2b80000,0x00000000f9380000)
 ParOldGen       total 873472K, used 792793K [0x00000000a0000000, 0x00000000d5500000, 0x00000000e0000000)
  object space 873472K, 90% used [0x00000000a0000000,0x00000000d06364e8,0x00000000d5500000)
 Metaspace       used 132936K, capacity 138888K, committed 139264K, reserved 1171456K
  class space    used 16467K, capacity 17796K, committed 17920K, reserved 1048576K
GC Heap History (10 events):
Event: 2335,015 GC heap after
Heap after GC invocations=55 (full 7):
 PSYoungGen      total 387584K, used 37619K [0x00000000e0000000, 0x00000000fef80000, 0x0000000100000000)
  eden space 288256K, 0% used [0x00000000e0000000,0x00000000e0000000,0x00000000f1980000)
  from space 99328K, 37% used [0x00000000f8e80000,0x00000000fb33cf00,0x00000000fef80000)
  to   space 109568K, 0% used [0x00000000f1980000,0x00000000f1980000,0x00000000f8480000)
 ParOldGen       total 873472K, used 640118K [0x00000000a0000000, 0x00000000d5500000, 0x00000000e0000000)
  object space 873472K, 73% used [0x00000000a0000000,0x00000000c711d958,0x00000000d5500000)
 Metaspace       used 122124K, capacity 127698K, committed 136320K, reserved 1167360K
  class space    used 15135K, capacity 16367K, committed 17792K, reserved 1048576K
}
Event: 2335,665 GC heap before
{Heap before GC invocations=56 (full 7):
 PSYoungGen      total 387584K, used 325875K [0x00000000e0000000, 0x00000000fef80000, 0x0000000100000000)
  eden space 288256K, 100% used [0x00000000e0000000,0x00000000f1980000,0x00000000f1980000)
  from space 99328K, 37% used [0x00000000f8e80000,0x00000000fb33cf00,0x00000000fef80000)
  to   space 109568K, 0% used [0x00000000f1980000,0x00000000f1980000,0x00000000f8480000)
 ParOldGen       total 873472K, used 640118K [0x00000000a0000000, 0x00000000d5500000, 0x00000000e0000000)
  object space 873472K, 73% used [0x00000000a0000000,0x00000000c711d958,0x00000000d5500000)
 Metaspace       used 122567K, capacity 128164K, committed 136320K, reserved 1167360K
  class space    used 15191K, capacity 16434K, committed 17792K, reserved 1048576K
Event: 2335,724 GC heap after
Heap after GC invocations=56 (full 7):
 PSYoungGen      total 397824K, used 52920K [0x00000000e0000000, 0x0000000100000000, 0x0000000100000000)
  eden space 288256K, 0% used [0x00000000e0000000,0x00000000e0000000,0x00000000f1980000)
  from space 109568K, 48% used [0x00000000f1980000,0x00000000f4d2e0e8,0x00000000f8480000)
  to   space 109056K, 0% used [0x00000000f9580000,0x00000000f9580000,0x0000000100000000)
 ParOldGen       total 873472K, used 674417K [0x00000000a0000000, 0x00000000d5500000, 0x00000000e0000000)
  object space 873472K, 77% used [0x00000000a0000000,0x00000000c929c7a0,0x00000000d5500000)
 Metaspace       used 122567K, capacity 128164K, committed 136320K, reserved 1167360K
  class space    used 15191K, capacity 16434K, committed 17792K, reserved 1048576K
}
Event: 2337,283 GC heap before
{Heap before GC invocations=57 (full 7):
 PSYoungGen      total 397824K, used 341176K [0x00000000e0000000, 0x0000000100000000, 0x0000000100000000)
  eden space 288256K, 100% used [0x00000000e0000000,0x00000000f1980000,0x00000000f1980000)
  from space 109568K, 48% used [0x00000000f1980000,0x00000000f4d2e0e8,0x00000000f8480000)
  to   space 109056K, 0% used [0x00000000f9580000,0x00000000f9580000,0x0000000100000000)
 ParOldGen       total 873472K, used 674417K [0x00000000a0000000, 0x00000000d5500000, 0x00000000e0000000)
  object space 873472K, 77% used [0x00000000a0000000,0x00000000c929c7a0,0x00000000d5500000)
 Metaspace       used 132465K, capacity 138456K, committed 138624K, reserved 1169408K
  class space    used 16444K, capacity 17762K, committed 17792K, reserved 1048576K
Event: 2337,317 GC heap after
Heap after GC invocations=57 (full 7):
 PSYoungGen      total 408064K, used 10794K [0x00000000e0000000, 0x00000000ff980000, 0x0000000100000000)
  eden space 305664K, 0% used [0x00000000e0000000,0x00000000e0000000,0x00000000f2a80000)
  from space 102400K, 10% used [0x00000000f9580000,0x00000000fa00aa90,0x00000000ff980000)
  to   space 105984K, 0% used [0x00000000f2a80000,0x00000000f2a80000,0x00000000f9200000)
 ParOldGen       total 873472K, used 726572K [0x00000000a0000000, 0x00000000d5500000, 0x00000000e0000000)
  object space 873472K, 83% used [0x00000000a0000000,0x00000000cc58b3d8,0x00000000d5500000)
 Metaspace       used 132465K, capacity 138456K, committed 138624K, reserved 1169408K
  class space    used 16444K, capacity 17762K, committed 17792K, reserved 1048576K
}
Event: 2337,995 GC heap before
{Heap before GC invocations=58 (full 7):
 PSYoungGen      total 408064K, used 316458K [0x00000000e0000000, 0x00000000ff980000, 0x0000000100000000)
  eden space 305664K, 100% used [0x00000000e0000000,0x00000000f2a80000,0x00000000f2a80000)
  from space 102400K, 10% used [0x00000000f9580000,0x00000000fa00aa90,0x00000000ff980000)
  to   space 105984K, 0% used [0x00000000f2a80000,0x00000000f2a80000,0x00000000f9200000)
 ParOldGen       total 873472K, used 726572K [0x00000000a0000000, 0x00000000d5500000, 0x00000000e0000000)
  object space 873472K, 83% used [0x00000000a0000000,0x00000000cc58b3d8,0x00000000d5500000)
 Metaspace       used 132911K, capacity 138888K, committed 139264K, reserved 1171456K
  class space    used 16467K, capacity 17796K, committed 17920K, reserved 1048576K
Event: 2338,038 GC heap after
Heap after GC invocations=58 (full 7):
 PSYoungGen      total 411648K, used 66493K [0x00000000e0000000, 0x0000000100000000, 0x0000000100000000)
  eden space 305664K, 0% used [0x00000000e0000000,0x00000000e0000000,0x00000000f2a80000)
  from space 105984K, 62% used [0x00000000f2a80000,0x00000000f6b6f5f8,0x00000000f9200000)
  to   space 111104K, 0% used [0x00000000f9380000,0x00000000f9380000,0x0000000100000000)
 ParOldGen       total 873472K, used 728565K [0x00000000a0000000, 0x00000000d5500000, 0x00000000e0000000)
  object space 873472K, 83% used [0x00000000a0000000,0x00000000cc77d4a0,0x00000000d5500000)
 Metaspace       used 132911K, capacity 138888K, committed 139264K, reserved 1171456K
  class space    used 16467K, capacity 17796K, committed 17920K, reserved 1048576K
}
Event: 2339,147 GC heap before
{Heap before GC invocations=59 (full 7):
 PSYoungGen      total 411648K, used 372157K [0x00000000e0000000, 0x0000000100000000, 0x0000000100000000)
  eden space 305664K, 100% used [0x00000000e0000000,0x00000000f2a80000,0x00000000f2a80000)
  from space 105984K, 62% used [0x00000000f2a80000,0x00000000f6b6f5f8,0x00000000f9200000)
  to   space 111104K, 0% used [0x00000000f9380000,0x00000000f9380000,0x0000000100000000)
 ParOldGen       total 873472K, used 728565K [0x00000000a0000000, 0x00000000d5500000, 0x00000000e0000000)
  object space 873472K, 83% used [0x00000000a0000000,0x00000000cc77d4a0,0x00000000d5500000)
 Metaspace       used 132936K, capacity 138888K, committed 139264K, reserved 1171456K
  class space    used 16467K, capacity 17796K, committed 17920K, reserved 1048576K
Event: 2339,212 GC heap after
Heap after GC invocations=59 (full 7):
 PSYoungGen      total 413696K, used 43645K [0x00000000e0000000, 0x00000000ffc00000, 0x0000000100000000)
  eden space 306688K, 0% used [0x00000000e0000000,0x00000000e0000000,0x00000000f2b80000)
  from space 107008K, 40% used [0x00000000f9380000,0x00000000fbe1f540,0x00000000ffc00000)
  to   space 106496K, 0% used [0x00000000f2b80000,0x00000000f2b80000,0x00000000f9380000)
 ParOldGen       total 873472K, used 792793K [0x00000000a0000000, 0x00000000d5500000, 0x00000000e0000000)
  object space 873472K, 90% used [0x00000000a0000000,0x00000000d06364e8,0x00000000d5500000)
 Metaspace       used 132936K, capacity 138888K, committed 139264K, reserved 1171456K
  class space    used 16467K, capacity 17796K, committed 17920K, reserved 1048576K
}
Event: 2339,212 GC heap before
{Heap before GC invocations=60 (full 8):
 PSYoungGen      total 413696K, used 43645K [0x00000000e0000000, 0x00000000ffc00000, 0x0000000100000000)
  eden space 306688K, 0% used [0x00000000e0000000,0x00000000e0000000,0x00000000f2b80000)
  from space 107008K, 40% used [0x00000000f9380000,0x00000000fbe1f540,0x00000000ffc00000)
  to   space 106496K, 0% used [0x00000000f2b80000,0x00000000f2b80000,0x00000000f9380000)
 ParOldGen       total 873472K, used 792793K [0x00000000a0000000, 0x00000000d5500000, 0x00000000e0000000)
  object space 873472K, 90% used [0x00000000a0000000,0x00000000d06364e8,0x00000000d5500000)
 Metaspace       used 132936K, capacity 138888K, committed 139264K, reserved 1171456K
  class space    used 16467K, capacity 17796K, committed 17920K, reserved 1048576K

