# JRE version: OpenJDK Runtime Environment (8.0_152-b01) (build 1.8.0_152-release-1024-b01)
# Java VM: OpenJDK 64-Bit Server VM (25.152-b01 mixed mode linux-amd64 compressed oops)
Heap:
 PSYoungGen      total 414720K, used 23767K [0x00000000e0000000, 0x0000000100000000, 0x0000000100000000)
  eden space 300032K, 0% used [0x00000000e0000000,0x00000000e0000000,0x00000000f2500000)
  from space 114688K, 20% used [0x00000000f9000000,0x00000000fa735ef0,0x0000000100000000)
  to   space 109568K, 0% used [0x00000000f2500000,0x00000000f2500000,0x00000000f9000000)
 ParOldGen       total 1048576K, used 1042134K [0x00000000a0000000, 0x00000000e0000000, 0x00000000e0000000)
  object space 1048576K, 99% used [0x00000000a0000000,0x00000000df9b5a90,0x00000000e0000000)
 Metaspace       used 149524K, capacity 155550K, committed 155904K, reserved 1185792K
  class space    used 18410K, capacity 19816K, committed 19968K, reserved 1048576K
GC Heap History (10 events):
Event: 3220,270 GC heap after
Heap after GC invocations=61 (full 7):
 PSYoungGen      total 406016K, used 52947K [0x00000000e0000000, 0x0000000100000000, 0x0000000100000000)
  eden space 297472K, 0% used [0x00000000e0000000,0x00000000e0000000,0x00000000f2280000)
  from space 108544K, 48% used [0x00000000f8c80000,0x00000000fc034d90,0x00000000ff680000)
  to   space 108544K, 0% used [0x00000000f2280000,0x00000000f2280000,0x00000000f8c80000)
 ParOldGen       total 1048576K, used 866363K [0x00000000a0000000, 0x00000000e0000000, 0x00000000e0000000)
  object space 1048576K, 82% used [0x00000000a0000000,0x00000000d4e0eee8,0x00000000e0000000)
 Metaspace       used 138709K, capacity 144436K, committed 144768K, reserved 1175552K
  class space    used 17074K, capacity 18387K, committed 18560K, reserved 1048576K
}
Event: 3220,912 GC heap before
{Heap before GC invocations=62 (full 7):
 PSYoungGen      total 406016K, used 350419K [0x00000000e0000000, 0x0000000100000000, 0x0000000100000000)
  eden space 297472K, 100% used [0x00000000e0000000,0x00000000f2280000,0x00000000f2280000)
  from space 108544K, 48% used [0x00000000f8c80000,0x00000000fc034d90,0x00000000ff680000)
  to   space 108544K, 0% used [0x00000000f2280000,0x00000000f2280000,0x00000000f8c80000)
 ParOldGen       total 1048576K, used 866363K [0x00000000a0000000, 0x00000000e0000000, 0x00000000e0000000)
  object space 1048576K, 82% used [0x00000000a0000000,0x00000000d4e0eee8,0x00000000e0000000)
 Metaspace       used 139867K, capacity 145566K, committed 145920K, reserved 1177600K
  class space    used 17212K, capacity 18526K, committed 18688K, reserved 1048576K
Event: 3220,960 GC heap after
Heap after GC invocations=62 (full 7):
 PSYoungGen      total 406016K, used 38715K [0x00000000e0000000, 0x00000000ff400000, 0x0000000100000000)
  eden space 297472K, 0% used [0x00000000e0000000,0x00000000e0000000,0x00000000f2280000)
  from space 108544K, 35% used [0x00000000f2280000,0x00000000f484ed08,0x00000000f8c80000)
  to   space 102400K, 0% used [0x00000000f9000000,0x00000000f9000000,0x00000000ff400000)
 ParOldGen       total 1048576K, used 915454K [0x00000000a0000000, 0x00000000e0000000, 0x00000000e0000000)
  object space 1048576K, 87% used [0x00000000a0000000,0x00000000d7dff930,0x00000000e0000000)
 Metaspace       used 139867K, capacity 145566K, committed 145920K, reserved 1177600K
  class space    used 17212K, capacity 18526K, committed 18688K, reserved 1048576K
}
Event: 3222,557 GC heap before
{Heap before GC invocations=63 (full 7):
 PSYoungGen      total 406016K, used 336187K [0x00000000e0000000, 0x00000000ff400000, 0x0000000100000000)
  eden space 297472K, 100% used [0x00000000e0000000,0x00000000f2280000,0x00000000f2280000)
  from space 108544K, 35% used [0x00000000f2280000,0x00000000f484ed08,0x00000000f8c80000)
  to   space 102400K, 0% used [0x00000000f9000000,0x00000000f9000000,0x00000000ff400000)
 ParOldGen       total 1048576K, used 915454K [0x00000000a0000000, 0x00000000e0000000, 0x00000000e0000000)
  object space 1048576K, 87% used [0x00000000a0000000,0x00000000d7dff930,0x00000000e0000000)
 Metaspace       used 149134K, capacity 155186K, committed 155264K, reserved 1185792K
  class space    used 18387K, capacity 19782K, committed 19840K, reserved 1048576K
Event: 3222,599 GC heap after
Heap after GC invocations=63 (full 7):
 PSYoungGen      total 411648K, used 9711K [0x00000000e0000000, 0x00000000ff600000, 0x0000000100000000)
  eden space 309248K, 0% used [0x00000000e0000000,0x00000000e0000000,0x00000000f2e00000)
  from space 102400K, 9% used [0x00000000f9000000,0x00000000f997bf80,0x00000000ff400000)
  to   space 100352K, 0% used [0x00000000f2e00000,0x00000000f2e00000,0x00000000f9000000)
 ParOldGen       total 1048576K, used 953129K [0x00000000a0000000, 0x00000000e0000000, 0x00000000e0000000)
  object space 1048576K, 90% used [0x00000000a0000000,0x00000000da2ca400,0x00000000e0000000)
 Metaspace       used 149134K, capacity 155186K, committed 155264K, reserved 1185792K
  class space    used 18387K, capacity 19782K, committed 19840K, reserved 1048576K
}
Event: 3223,286 GC heap before
{Heap before GC invocations=64 (full 7):
 PSYoungGen      total 411648K, used 318959K [0x00000000e0000000, 0x00000000ff600000, 0x0000000100000000)
  eden space 309248K, 100% used [0x00000000e0000000,0x00000000f2e00000,0x00000000f2e00000)
  from space 102400K, 9% used [0x00000000f9000000,0x00000000f997bf80,0x00000000ff400000)
  to   space 100352K, 0% used [0x00000000f2e00000,0x00000000f2e00000,0x00000000f9000000)
 ParOldGen       total 1048576K, used 953129K [0x00000000a0000000, 0x00000000e0000000, 0x00000000e0000000)
  object space 1048576K, 90% used [0x00000000a0000000,0x00000000da2ca400,0x00000000e0000000)
 Metaspace       used 149499K, capacity 155550K, committed 155904K, reserved 1185792K
  class space    used 18409K, capacity 19816K, committed 19968K, reserved 1048576K
Event: 3223,332 GC heap after
Heap after GC invocations=64 (full 7):
 PSYoungGen      total 409600K, used 89331K [0x00000000e0000000, 0x0000000100000000, 0x0000000100000000)
  eden space 309248K, 0% used [0x00000000e0000000,0x00000000e0000000,0x00000000f2e00000)
  from space 100352K, 89% used [0x00000000f2e00000,0x00000000f853cce8,0x00000000f9000000)
  to   space 114688K, 0% used [0x00000000f9000000,0x00000000f9000000,0x0000000100000000)
 ParOldGen       total 1048576K, used 954785K [0x00000000a0000000, 0x00000000e0000000, 0x00000000e0000000)
  object space 1048576K, 91% used [0x00000000a0000000,0x00000000da4687f8,0x00000000e0000000)
 Metaspace       used 149499K, capacity 155550K, committed 155904K, reserved 1185792K
  class space    used 18409K, capacity 19816K, committed 19968K, reserved 1048576K
}
Event: 3224,675 GC heap before
{Heap before GC invocations=65 (full 7):
 PSYoungGen      total 409600K, used 398579K [0x00000000e0000000, 0x0000000100000000, 0x0000000100000000)
  eden space 309248K, 100% used [0x00000000e0000000,0x00000000f2e00000,0x00000000f2e00000)
  from space 100352K, 89% used [0x00000000f2e00000,0x00000000f853cce8,0x00000000f9000000)
  to   space 114688K, 0% used [0x00000000f9000000,0x00000000f9000000,0x0000000100000000)
 ParOldGen       total 1048576K, used 954785K [0x00000000a0000000, 0x00000000e0000000, 0x00000000e0000000)
  object space 1048576K, 91% used [0x00000000a0000000,0x00000000da4687f8,0x00000000e0000000)
 Metaspace       used 149524K, capacity 155550K, committed 155904K, reserved 1185792K
  class space    used 18410K, capacity 19816K, committed 19968K, reserved 1048576K
Event: 3224,762 GC heap after
Heap after GC invocations=65 (full 7):
 PSYoungGen      total 414720K, used 23767K [0x00000000e0000000, 0x0000000100000000, 0x0000000100000000)
  eden space 300032K, 0% used [0x00000000e0000000,0x00000000e0000000,0x00000000f2500000)
  from space 114688K, 20% used [0x00000000f9000000,0x00000000fa735ef0,0x0000000100000000)
  to   space 109568K, 0% used [0x00000000f2500000,0x00000000f2500000,0x00000000f9000000)
 ParOldGen       total 1048576K, used 1042134K [0x00000000a0000000, 0x00000000e0000000, 0x00000000e0000000)
  object space 1048576K, 99% used [0x00000000a0000000,0x00000000df9b5a90,0x00000000e0000000)
 Metaspace       used 149524K, capacity 155550K, committed 155904K, reserved 1185792K
  class space    used 18410K, capacity 19816K, committed 19968K, reserved 1048576K
}
Event: 3224,762 GC heap before
{Heap before GC invocations=66 (full 8):
 PSYoungGen      total 414720K, used 23767K [0x00000000e0000000, 0x0000000100000000, 0x0000000100000000)
  eden space 300032K, 0% used [0x00000000e0000000,0x00000000e0000000,0x00000000f2500000)
  from space 114688K, 20% used [0x00000000f9000000,0x00000000fa735ef0,0x0000000100000000)
  to   space 109568K, 0% used [0x00000000f2500000,0x00000000f2500000,0x00000000f9000000)
 ParOldGen       total 1048576K, used 1042134K [0x00000000a0000000, 0x00000000e0000000, 0x00000000e0000000)
  object space 1048576K, 99% used [0x00000000a0000000,0x00000000df9b5a90,0x00000000e0000000)
 Metaspace       used 149524K, capacity 155550K, committed 155904K, reserved 1185792K
  class space    used 18410K, capacity 19816K, committed 19968K, reserved 1048576K

