# JRE version: OpenJDK Runtime Environment (8.0_152-b01) (build 1.8.0_152-release-1024-b01)
# Java VM: OpenJDK 64-Bit Server VM (25.152-b01 mixed mode linux-amd64 compressed oops)
Heap:
 PSYoungGen      total 395776K, used 66239K [0x00000000e0000000, 0x0000000100000000, 0x0000000100000000)
  eden space 287744K, 15% used [0x00000000e0000000,0x00000000e2cc8a10,0x00000000f1900000)
  from space 108032K, 18% used [0x00000000f9680000,0x00000000faa67580,0x0000000100000000)
  to   space 118272K, 0% used [0x00000000f1900000,0x00000000f1900000,0x00000000f8c80000)
 ParOldGen       total 861696K, used 609194K [0x00000000a0000000, 0x00000000d4980000, 0x00000000e0000000)
  object space 861696K, 70% used [0x00000000a0000000,0x00000000c52eab88,0x00000000d4980000)
 Metaspace       used 123817K, capacity 130926K, committed 142552K, reserved 1171456K
  class space    used 15352K, capacity 16765K, committed 20736K, reserved 1048576K
GC Heap History (10 events):
Event: 7785,004 GC heap before
{Heap before GC invocations=103 (full 11):
 PSYoungGen      total 411136K, used 321064K [0x00000000e0000000, 0x00000000fff80000, 0x0000000100000000)
  eden space 309248K, 100% used [0x00000000e0000000,0x00000000f2e00000,0x00000000f2e00000)
  from space 101888K, 11% used [0x00000000f2e00000,0x00000000f398a220,0x00000000f9180000)
  to   space 99328K, 0% used [0x00000000f9e80000,0x00000000f9e80000,0x00000000fff80000)
 ParOldGen       total 861696K, used 426053K [0x00000000a0000000, 0x00000000d4980000, 0x00000000e0000000)
  object space 861696K, 49% used [0x00000000a0000000,0x00000000ba0115e8,0x00000000d4980000)
 Metaspace       used 112668K, capacity 119324K, committed 142552K, reserved 1171456K
  class space    used 13987K, capacity 15296K, committed 20736K, reserved 1048576K
Event: 7785,050 GC heap after
Heap after GC invocations=103 (full 11):
 PSYoungGen      total 410624K, used 70891K [0x00000000e0000000, 0x0000000100000000, 0x0000000100000000)
  eden space 311296K, 0% used [0x00000000e0000000,0x00000000e0000000,0x00000000f3000000)
  from space 99328K, 71% used [0x00000000f9e80000,0x00000000fe3bad90,0x00000000fff80000)
  to   space 106496K, 0% used [0x00000000f3000000,0x00000000f3000000,0x00000000f9800000)
 ParOldGen       total 861696K, used 427615K [0x00000000a0000000, 0x00000000d4980000, 0x00000000e0000000)
  object space 861696K, 49% used [0x00000000a0000000,0x00000000ba197d50,0x00000000d4980000)
 Metaspace       used 112668K, capacity 119324K, committed 142552K, reserved 1171456K
  class space    used 13987K, capacity 15296K, committed 20736K, reserved 1048576K
}
Event: 7786,091 GC heap before
{Heap before GC invocations=104 (full 11):
 PSYoungGen      total 410624K, used 382187K [0x00000000e0000000, 0x0000000100000000, 0x0000000100000000)
  eden space 311296K, 100% used [0x00000000e0000000,0x00000000f3000000,0x00000000f3000000)
  from space 99328K, 71% used [0x00000000f9e80000,0x00000000fe3bad90,0x00000000fff80000)
  to   space 106496K, 0% used [0x00000000f3000000,0x00000000f3000000,0x00000000f9800000)
 ParOldGen       total 861696K, used 427615K [0x00000000a0000000, 0x00000000d4980000, 0x00000000e0000000)
  object space 861696K, 49% used [0x00000000a0000000,0x00000000ba197d50,0x00000000d4980000)
 Metaspace       used 118044K, capacity 124902K, committed 142552K, reserved 1171456K
  class space    used 14702K, capacity 16037K, committed 20736K, reserved 1048576K
Event: 7786,147 GC heap after
Heap after GC invocations=104 (full 11):
 PSYoungGen      total 417792K, used 21829K [0x00000000e0000000, 0x00000000fff00000, 0x0000000100000000)
  eden space 311296K, 0% used [0x00000000e0000000,0x00000000e0000000,0x00000000f3000000)
  from space 106496K, 20% used [0x00000000f3000000,0x00000000f4551758,0x00000000f9800000)
  to   space 102400K, 0% used [0x00000000f9b00000,0x00000000f9b00000,0x00000000fff00000)
 ParOldGen       total 861696K, used 496913K [0x00000000a0000000, 0x00000000d4980000, 0x00000000e0000000)
  object space 861696K, 57% used [0x00000000a0000000,0x00000000be544658,0x00000000d4980000)
 Metaspace       used 118044K, capacity 124902K, committed 142552K, reserved 1171456K
  class space    used 14702K, capacity 16037K, committed 20736K, reserved 1048576K
}
Event: 7787,455 GC heap before
{Heap before GC invocations=105 (full 11):
 PSYoungGen      total 417792K, used 333125K [0x00000000e0000000, 0x00000000fff00000, 0x0000000100000000)
  eden space 311296K, 100% used [0x00000000e0000000,0x00000000f3000000,0x00000000f3000000)
  from space 106496K, 20% used [0x00000000f3000000,0x00000000f4551758,0x00000000f9800000)
  to   space 102400K, 0% used [0x00000000f9b00000,0x00000000f9b00000,0x00000000fff00000)
 ParOldGen       total 861696K, used 496913K [0x00000000a0000000, 0x00000000d4980000, 0x00000000e0000000)
  object space 861696K, 57% used [0x00000000a0000000,0x00000000be544658,0x00000000d4980000)
 Metaspace       used 123527K, capacity 130638K, committed 142552K, reserved 1171456K
  class space    used 15329K, capacity 16733K, committed 20736K, reserved 1048576K
Event: 7787,475 GC heap after
Heap after GC invocations=105 (full 11):
 PSYoungGen      total 411648K, used 5755K [0x00000000e0000000, 0x00000000ff900000, 0x0000000100000000)
  eden space 315392K, 0% used [0x00000000e0000000,0x00000000e0000000,0x00000000f3400000)
  from space 96256K, 5% used [0x00000000f9b00000,0x00000000fa09ec38,0x00000000ff900000)
  to   space 100864K, 0% used [0x00000000f3400000,0x00000000f3400000,0x00000000f9680000)
 ParOldGen       total 861696K, used 512984K [0x00000000a0000000, 0x00000000d4980000, 0x00000000e0000000)
  object space 861696K, 59% used [0x00000000a0000000,0x00000000bf4f60d0,0x00000000d4980000)
 Metaspace       used 123527K, capacity 130638K, committed 142552K, reserved 1171456K
  class space    used 15329K, capacity 16733K, committed 20736K, reserved 1048576K
}
Event: 7788,221 GC heap before
{Heap before GC invocations=106 (full 11):
 PSYoungGen      total 411648K, used 321147K [0x00000000e0000000, 0x00000000ff900000, 0x0000000100000000)
  eden space 315392K, 100% used [0x00000000e0000000,0x00000000f3400000,0x00000000f3400000)
  from space 96256K, 5% used [0x00000000f9b00000,0x00000000fa09ec38,0x00000000ff900000)
  to   space 100864K, 0% used [0x00000000f3400000,0x00000000f3400000,0x00000000f9680000)
 ParOldGen       total 861696K, used 512984K [0x00000000a0000000, 0x00000000d4980000, 0x00000000e0000000)
  object space 861696K, 59% used [0x00000000a0000000,0x00000000bf4f60d0,0x00000000d4980000)
 Metaspace       used 123811K, capacity 130926K, committed 142552K, reserved 1171456K
  class space    used 15352K, capacity 16765K, committed 20736K, reserved 1048576K
Event: 7788,283 GC heap after
Heap after GC invocations=106 (full 11):
 PSYoungGen      total 416256K, used 100858K [0x00000000e0000000, 0x0000000100000000, 0x0000000100000000)
  eden space 315392K, 0% used [0x00000000e0000000,0x00000000e0000000,0x00000000f3400000)
  from space 100864K, 99% used [0x00000000f3400000,0x00000000f967ea50,0x00000000f9680000)
  to   space 108032K, 0% used [0x00000000f9680000,0x00000000f9680000,0x0000000100000000)
 ParOldGen       total 861696K, used 523737K [0x00000000a0000000, 0x00000000d4980000, 0x00000000e0000000)
  object space 861696K, 60% used [0x00000000a0000000,0x00000000bff76658,0x00000000d4980000)
 Metaspace       used 123811K, capacity 130926K, committed 142552K, reserved 1171456K
  class space    used 15352K, capacity 16765K, committed 20736K, reserved 1048576K
}
Event: 7789,336 GC heap before
{Heap before GC invocations=107 (full 11):
 PSYoungGen      total 416256K, used 416250K [0x00000000e0000000, 0x0000000100000000, 0x0000000100000000)
  eden space 315392K, 100% used [0x00000000e0000000,0x00000000f3400000,0x00000000f3400000)
  from space 100864K, 99% used [0x00000000f3400000,0x00000000f967ea50,0x00000000f9680000)
  to   space 108032K, 0% used [0x00000000f9680000,0x00000000f9680000,0x0000000100000000)
 ParOldGen       total 861696K, used 523737K [0x00000000a0000000, 0x00000000d4980000, 0x00000000e0000000)
  object space 861696K, 60% used [0x00000000a0000000,0x00000000bff76658,0x00000000d4980000)
 Metaspace       used 123816K, capacity 130926K, committed 142552K, reserved 1171456K
  class space    used 15352K, capacity 16765K, committed 20736K, reserved 1048576K
Event: 7789,420 GC heap after
Heap after GC invocations=107 (full 11):
 PSYoungGen      total 395776K, used 20381K [0x00000000e0000000, 0x0000000100000000, 0x0000000100000000)
  eden space 287744K, 0% used [0x00000000e0000000,0x00000000e0000000,0x00000000f1900000)
  from space 108032K, 18% used [0x00000000f9680000,0x00000000faa67580,0x0000000100000000)
  to   space 118272K, 0% used [0x00000000f1900000,0x00000000f1900000,0x00000000f8c80000)
 ParOldGen       total 861696K, used 609194K [0x00000000a0000000, 0x00000000d4980000, 0x00000000e0000000)
  object space 861696K, 70% used [0x00000000a0000000,0x00000000c52eab88,0x00000000d4980000)
 Metaspace       used 123816K, capacity 130926K, committed 142552K, reserved 1171456K
  class space    used 15352K, capacity 16765K, committed 20736K, reserved 1048576K
}

