# JRE version: OpenJDK Runtime Environment (8.0_152-b01) (build 1.8.0_152-release-1024-b01)
# Java VM: OpenJDK 64-Bit Server VM (25.152-b01 mixed mode linux-amd64 compressed oops)
Heap:
 PSYoungGen      total 400384K, used 60423K [0x00000000e0000000, 0x0000000100000000, 0x0000000100000000)
  eden space 339456K, 0% used [0x00000000e0000000,0x00000000e0000000,0x00000000f4b80000)
  from space 60928K, 99% used [0x00000000f4b80000,0x00000000f8681cf0,0x00000000f8700000)
  to   space 95744K, 0% used [0x00000000fa280000,0x00000000fa280000,0x0000000100000000)
 ParOldGen       total 1048576K, used 960072K [0x00000000a0000000, 0x00000000e0000000, 0x00000000e0000000)
  object space 1048576K, 91% used [0x00000000a0000000,0x00000000da992310,0x00000000e0000000)
 Metaspace       used 156892K, capacity 165220K, committed 167808K, reserved 1193984K
  class space    used 19189K, capacity 21010K, committed 22656K, reserved 1048576K
GC Heap History (10 events):
Event: 12365,645 GC heap after
Heap after GC invocations=270 (full 23):
 PSYoungGen      total 421376K, used 16000K [0x00000000e0000000, 0x00000000ffe80000, 0x0000000100000000)
  eden space 334848K, 0% used [0x00000000e0000000,0x00000000e0000000,0x00000000f4700000)
  from space 86528K, 18% used [0x00000000f4700000,0x00000000f56a00b0,0x00000000f9b80000)
  to   space 82432K, 0% used [0x00000000fae00000,0x00000000fae00000,0x00000000ffe80000)
 ParOldGen       total 1048576K, used 821771K [0x00000000a0000000, 0x00000000e0000000, 0x00000000e0000000)
  object space 1048576K, 78% used [0x00000000a0000000,0x00000000d2282d88,0x00000000e0000000)
 Metaspace       used 145657K, capacity 153466K, committed 164480K, reserved 1191936K
  class space    used 17797K, capacity 19515K, committed 22656K, reserved 1048576K
}
Event: 12366,431 GC heap before
{Heap before GC invocations=271 (full 23):
 PSYoungGen      total 421376K, used 350848K [0x00000000e0000000, 0x00000000ffe80000, 0x0000000100000000)
  eden space 334848K, 100% used [0x00000000e0000000,0x00000000f4700000,0x00000000f4700000)
  from space 86528K, 18% used [0x00000000f4700000,0x00000000f56a00b0,0x00000000f9b80000)
  to   space 82432K, 0% used [0x00000000fae00000,0x00000000fae00000,0x00000000ffe80000)
 ParOldGen       total 1048576K, used 821771K [0x00000000a0000000, 0x00000000e0000000, 0x00000000e0000000)
  object space 1048576K, 78% used [0x00000000a0000000,0x00000000d2282d88,0x00000000e0000000)
 Metaspace       used 146062K, capacity 153932K, committed 164480K, reserved 1191936K
  class space    used 17846K, capacity 19588K, committed 22656K, reserved 1048576K
Event: 12366,478 GC heap after
Heap after GC invocations=271 (full 23):
 PSYoungGen      total 417280K, used 73595K [0x00000000e0000000, 0x0000000100000000, 0x0000000100000000)
  eden space 334848K, 0% used [0x00000000e0000000,0x00000000e0000000,0x00000000f4700000)
  from space 82432K, 89% used [0x00000000fae00000,0x00000000ff5dedf8,0x00000000ffe80000)
  to   space 94720K, 0% used [0x00000000f4700000,0x00000000f4700000,0x00000000fa380000)
 ParOldGen       total 1048576K, used 827758K [0x00000000a0000000, 0x00000000e0000000, 0x00000000e0000000)
  object space 1048576K, 78% used [0x00000000a0000000,0x00000000d285b8b8,0x00000000e0000000)
 Metaspace       used 146062K, capacity 153932K, committed 164480K, reserved 1191936K
  class space    used 17846K, capacity 19588K, committed 22656K, reserved 1048576K
}
Event: 12368,361 GC heap before
{Heap before GC invocations=272 (full 23):
 PSYoungGen      total 417280K, used 408443K [0x00000000e0000000, 0x0000000100000000, 0x0000000100000000)
  eden space 334848K, 100% used [0x00000000e0000000,0x00000000f4700000,0x00000000f4700000)
  from space 82432K, 89% used [0x00000000fae00000,0x00000000ff5dedf8,0x00000000ffe80000)
  to   space 94720K, 0% used [0x00000000f4700000,0x00000000f4700000,0x00000000fa380000)
 ParOldGen       total 1048576K, used 827758K [0x00000000a0000000, 0x00000000e0000000, 0x00000000e0000000)
  object space 1048576K, 78% used [0x00000000a0000000,0x00000000d285b8b8,0x00000000e0000000)
 Metaspace       used 156162K, capacity 164322K, committed 167040K, reserved 1193984K
  class space    used 19135K, capacity 20951K, committed 22656K, reserved 1048576K
Event: 12368,420 GC heap after
Heap after GC invocations=272 (full 23):
 PSYoungGen      total 429568K, used 21183K [0x00000000e0000000, 0x0000000100000000, 0x0000000100000000)
  eden space 334848K, 0% used [0x00000000e0000000,0x00000000e0000000,0x00000000f4700000)
  from space 94720K, 22% used [0x00000000f4700000,0x00000000f5baffe0,0x00000000fa380000)
  to   space 90112K, 0% used [0x00000000fa800000,0x00000000fa800000,0x0000000100000000)
 ParOldGen       total 1048576K, used 900235K [0x00000000a0000000, 0x00000000e0000000, 0x00000000e0000000)
  object space 1048576K, 85% used [0x00000000a0000000,0x00000000d6f22e80,0x00000000e0000000)
 Metaspace       used 156162K, capacity 164322K, committed 167040K, reserved 1193984K
  class space    used 19135K, capacity 20951K, committed 22656K, reserved 1048576K
}
Event: 12369,522 GC heap before
{Heap before GC invocations=273 (full 23):
 PSYoungGen      total 429568K, used 356031K [0x00000000e0000000, 0x0000000100000000, 0x0000000100000000)
  eden space 334848K, 100% used [0x00000000e0000000,0x00000000f4700000,0x00000000f4700000)
  from space 94720K, 22% used [0x00000000f4700000,0x00000000f5baffe0,0x00000000fa380000)
  to   space 90112K, 0% used [0x00000000fa800000,0x00000000fa800000,0x0000000100000000)
 ParOldGen       total 1048576K, used 900235K [0x00000000a0000000, 0x00000000e0000000, 0x00000000e0000000)
  object space 1048576K, 85% used [0x00000000a0000000,0x00000000d6f22e80,0x00000000e0000000)
 Metaspace       used 156740K, capacity 164942K, committed 167808K, reserved 1193984K
  class space    used 19164K, capacity 20985K, committed 22656K, reserved 1048576K
Event: 12369,620 GC heap after
Heap after GC invocations=273 (full 23):
 PSYoungGen      total 427008K, used 50099K [0x00000000e0000000, 0x00000000ffd80000, 0x0000000100000000)
  eden space 339456K, 0% used [0x00000000e0000000,0x00000000e0000000,0x00000000f4b80000)
  from space 87552K, 57% used [0x00000000fa800000,0x00000000fd8ecc88,0x00000000ffd80000)
  to   space 91136K, 0% used [0x00000000f4b80000,0x00000000f4b80000,0x00000000fa480000)
 ParOldGen       total 1048576K, used 911482K [0x00000000a0000000, 0x00000000e0000000, 0x00000000e0000000)
  object space 1048576K, 86% used [0x00000000a0000000,0x00000000d7a1eaf8,0x00000000e0000000)
 Metaspace       used 156740K, capacity 164942K, committed 167808K, reserved 1193984K
  class space    used 19164K, capacity 20985K, committed 22656K, reserved 1048576K
}
Event: 12735,254 GC heap before
{Heap before GC invocations=274 (full 23):
 PSYoungGen      total 427008K, used 389555K [0x00000000e0000000, 0x00000000ffd80000, 0x0000000100000000)
  eden space 339456K, 100% used [0x00000000e0000000,0x00000000f4b80000,0x00000000f4b80000)
  from space 87552K, 57% used [0x00000000fa800000,0x00000000fd8ecc88,0x00000000ffd80000)
  to   space 91136K, 0% used [0x00000000f4b80000,0x00000000f4b80000,0x00000000fa480000)
 ParOldGen       total 1048576K, used 911482K [0x00000000a0000000, 0x00000000e0000000, 0x00000000e0000000)
  object space 1048576K, 86% used [0x00000000a0000000,0x00000000d7a1eaf8,0x00000000e0000000)
 Metaspace       used 156892K, capacity 165220K, committed 167808K, reserved 1193984K
  class space    used 19189K, capacity 21010K, committed 22656K, reserved 1048576K
Event: 12735,331 GC heap after
Heap after GC invocations=274 (full 23):
 PSYoungGen      total 400384K, used 60423K [0x00000000e0000000, 0x0000000100000000, 0x0000000100000000)
  eden space 339456K, 0% used [0x00000000e0000000,0x00000000e0000000,0x00000000f4b80000)
  from space 60928K, 99% used [0x00000000f4b80000,0x00000000f8681cf0,0x00000000f8700000)
  to   space 95744K, 0% used [0x00000000fa280000,0x00000000fa280000,0x0000000100000000)
 ParOldGen       total 1048576K, used 960072K [0x00000000a0000000, 0x00000000e0000000, 0x00000000e0000000)
  object space 1048576K, 91% used [0x00000000a0000000,0x00000000da992310,0x00000000e0000000)
 Metaspace       used 156892K, capacity 165220K, committed 167808K, reserved 1193984K
  class space    used 19189K, capacity 21010K, committed 22656K, reserved 1048576K
}
Event: 12735,331 GC heap before
{Heap before GC invocations=275 (full 24):
 PSYoungGen      total 400384K, used 60423K [0x00000000e0000000, 0x0000000100000000, 0x0000000100000000)
  eden space 339456K, 0% used [0x00000000e0000000,0x00000000e0000000,0x00000000f4b80000)
  from space 60928K, 99% used [0x00000000f4b80000,0x00000000f8681cf0,0x00000000f8700000)
  to   space 95744K, 0% used [0x00000000fa280000,0x00000000fa280000,0x0000000100000000)
 ParOldGen       total 1048576K, used 960072K [0x00000000a0000000, 0x00000000e0000000, 0x00000000e0000000)
  object space 1048576K, 91% used [0x00000000a0000000,0x00000000da992310,0x00000000e0000000)
 Metaspace       used 156892K, capacity 165220K, committed 167808K, reserved 1193984K
  class space    used 19189K, capacity 21010K, committed 22656K, reserved 1048576K

