# JRE version: OpenJDK Runtime Environment (8.0_152-b01) (build 1.8.0_152-release-1024-b01)
# Java VM: OpenJDK 64-Bit Server VM (25.152-b01 mixed mode linux-amd64 compressed oops)
Heap:
 PSYoungGen      total 428544K, used 20161K [0x00000000e0000000, 0x00000000fff80000, 0x0000000100000000)
  eden space 327680K, 0% used [0x00000000e0000000,0x00000000e0000000,0x00000000f4000000)
  from space 100864K, 19% used [0x00000000f9d00000,0x00000000fb0b0620,0x00000000fff80000)
  to   space 95232K, 0% used [0x00000000f4000000,0x00000000f4000000,0x00000000f9d00000)
 ParOldGen       total 638976K, used 587526K [0x00000000a0000000, 0x00000000c7000000, 0x00000000e0000000)
  object space 638976K, 91% used [0x00000000a0000000,0x00000000c3dc1830,0x00000000c7000000)
 Metaspace       used 127371K, capacity 133134K, committed 135000K, reserved 1165312K
  class space    used 15818K, capacity 17133K, committed 18776K, reserved 1048576K
GC Heap History (10 events):
Event: 6432,292 GC heap after
Heap after GC invocations=69 (full 7):
 PSYoungGen      total 413696K, used 96K [0x00000000e0000000, 0x00000000ff880000, 0x0000000100000000)
  eden space 321024K, 0% used [0x00000000e0000000,0x00000000e0000000,0x00000000f3980000)
  from space 92672K, 0% used [0x00000000f9e00000,0x00000000f9e18000,0x00000000ff880000)
  to   space 97792K, 0% used [0x00000000f3980000,0x00000000f3980000,0x00000000f9900000)
 ParOldGen       total 638976K, used 509119K [0x00000000a0000000, 0x00000000c7000000, 0x00000000e0000000)
  object space 638976K, 79% used [0x00000000a0000000,0x00000000bf12fc60,0x00000000c7000000)
 Metaspace       used 116673K, capacity 122038K, committed 130392K, reserved 1161216K
  class space    used 14469K, capacity 15679K, committed 18776K, reserved 1048576K
}
Event: 6432,337 GC heap before
{Heap before GC invocations=70 (full 7):
 PSYoungGen      total 413696K, used 320187K [0x00000000e0000000, 0x00000000ff880000, 0x0000000100000000)
  eden space 321024K, 99% used [0x00000000e0000000,0x00000000f3896d50,0x00000000f3980000)
  from space 92672K, 0% used [0x00000000f9e00000,0x00000000f9e18000,0x00000000ff880000)
  to   space 97792K, 0% used [0x00000000f3980000,0x00000000f3980000,0x00000000f9900000)
 ParOldGen       total 638976K, used 509119K [0x00000000a0000000, 0x00000000c7000000, 0x00000000e0000000)
  object space 638976K, 79% used [0x00000000a0000000,0x00000000bf12fc60,0x00000000c7000000)
 Metaspace       used 116673K, capacity 122038K, committed 130392K, reserved 1161216K
  class space    used 14469K, capacity 15679K, committed 18776K, reserved 1048576K
Event: 6432,341 GC heap after
Heap after GC invocations=70 (full 7):
 PSYoungGen      total 418816K, used 128K [0x00000000e0000000, 0x00000000fff00000, 0x0000000100000000)
  eden space 321024K, 0% used [0x00000000e0000000,0x00000000e0000000,0x00000000f3980000)
  from space 97792K, 0% used [0x00000000f3980000,0x00000000f39a0000,0x00000000f9900000)
  to   space 94720K, 0% used [0x00000000fa280000,0x00000000fa280000,0x00000000fff00000)
 ParOldGen       total 638976K, used 509159K [0x00000000a0000000, 0x00000000c7000000, 0x00000000e0000000)
  object space 638976K, 79% used [0x00000000a0000000,0x00000000bf139c60,0x00000000c7000000)
 Metaspace       used 116673K, capacity 122038K, committed 130392K, reserved 1161216K
  class space    used 14469K, capacity 15679K, committed 18776K, reserved 1048576K
}
Event: 6611,100 GC heap before
{Heap before GC invocations=71 (full 7):
 PSYoungGen      total 418816K, used 321152K [0x00000000e0000000, 0x00000000fff00000, 0x0000000100000000)
  eden space 321024K, 100% used [0x00000000e0000000,0x00000000f3980000,0x00000000f3980000)
  from space 97792K, 0% used [0x00000000f3980000,0x00000000f39a0000,0x00000000f9900000)
  to   space 94720K, 0% used [0x00000000fa280000,0x00000000fa280000,0x00000000fff00000)
 ParOldGen       total 638976K, used 509159K [0x00000000a0000000, 0x00000000c7000000, 0x00000000e0000000)
  object space 638976K, 79% used [0x00000000a0000000,0x00000000bf139c60,0x00000000c7000000)
 Metaspace       used 116773K, capacity 122216K, committed 130392K, reserved 1161216K
  class space    used 14479K, capacity 15698K, committed 18776K, reserved 1048576K
Event: 6611,115 GC heap after
Heap after GC invocations=71 (full 7):
 PSYoungGen      total 414208K, used 14238K [0x00000000e0000000, 0x00000000ff300000, 0x0000000100000000)
  eden space 331776K, 0% used [0x00000000e0000000,0x00000000e0000000,0x00000000f4400000)
  from space 82432K, 17% used [0x00000000fa280000,0x00000000fb067860,0x00000000ff300000)
  to   space 89600K, 0% used [0x00000000f4400000,0x00000000f4400000,0x00000000f9b80000)
 ParOldGen       total 638976K, used 509183K [0x00000000a0000000, 0x00000000c7000000, 0x00000000e0000000)
  object space 638976K, 79% used [0x00000000a0000000,0x00000000bf13fc60,0x00000000c7000000)
 Metaspace       used 116773K, capacity 122216K, committed 130392K, reserved 1161216K
  class space    used 14479K, capacity 15698K, committed 18776K, reserved 1048576K
}
Event: 6611,854 GC heap before
{Heap before GC invocations=72 (full 7):
 PSYoungGen      total 414208K, used 346014K [0x00000000e0000000, 0x00000000ff300000, 0x0000000100000000)
  eden space 331776K, 100% used [0x00000000e0000000,0x00000000f4400000,0x00000000f4400000)
  from space 82432K, 17% used [0x00000000fa280000,0x00000000fb067860,0x00000000ff300000)
  to   space 89600K, 0% used [0x00000000f4400000,0x00000000f4400000,0x00000000f9b80000)
 ParOldGen       total 638976K, used 509183K [0x00000000a0000000, 0x00000000c7000000, 0x00000000e0000000)
  object space 638976K, 79% used [0x00000000a0000000,0x00000000bf13fc60,0x00000000c7000000)
 Metaspace       used 117411K, capacity 122868K, committed 130392K, reserved 1161216K
  class space    used 14545K, capacity 15770K, committed 18776K, reserved 1048576K
Event: 6611,901 GC heap after
Heap after GC invocations=72 (full 7):
 PSYoungGen      total 421376K, used 73011K [0x00000000e0000000, 0x0000000100000000, 0x0000000100000000)
  eden space 331776K, 0% used [0x00000000e0000000,0x00000000e0000000,0x00000000f4400000)
  from space 89600K, 81% used [0x00000000f4400000,0x00000000f8b4cf00,0x00000000f9b80000)
  to   space 101376K, 0% used [0x00000000f9d00000,0x00000000f9d00000,0x0000000100000000)
 ParOldGen       total 638976K, used 515887K [0x00000000a0000000, 0x00000000c7000000, 0x00000000e0000000)
  object space 638976K, 80% used [0x00000000a0000000,0x00000000bf7cbf40,0x00000000c7000000)
 Metaspace       used 117411K, capacity 122868K, committed 130392K, reserved 1161216K
  class space    used 14545K, capacity 15770K, committed 18776K, reserved 1048576K
}
Event: 6613,370 GC heap before
{Heap before GC invocations=73 (full 7):
 PSYoungGen      total 421376K, used 404787K [0x00000000e0000000, 0x0000000100000000, 0x0000000100000000)
  eden space 331776K, 100% used [0x00000000e0000000,0x00000000f4400000,0x00000000f4400000)
  from space 89600K, 81% used [0x00000000f4400000,0x00000000f8b4cf00,0x00000000f9b80000)
  to   space 101376K, 0% used [0x00000000f9d00000,0x00000000f9d00000,0x0000000100000000)
 ParOldGen       total 638976K, used 515887K [0x00000000a0000000, 0x00000000c7000000, 0x00000000e0000000)
  object space 638976K, 80% used [0x00000000a0000000,0x00000000bf7cbf40,0x00000000c7000000)
 Metaspace       used 127371K, capacity 133134K, committed 135000K, reserved 1165312K
  class space    used 15818K, capacity 17133K, committed 18776K, reserved 1048576K
Event: 6613,425 GC heap after
Heap after GC invocations=73 (full 7):
 PSYoungGen      total 428544K, used 20161K [0x00000000e0000000, 0x00000000fff80000, 0x0000000100000000)
  eden space 327680K, 0% used [0x00000000e0000000,0x00000000e0000000,0x00000000f4000000)
  from space 100864K, 19% used [0x00000000f9d00000,0x00000000fb0b0620,0x00000000fff80000)
  to   space 95232K, 0% used [0x00000000f4000000,0x00000000f4000000,0x00000000f9d00000)
 ParOldGen       total 638976K, used 587526K [0x00000000a0000000, 0x00000000c7000000, 0x00000000e0000000)
  object space 638976K, 91% used [0x00000000a0000000,0x00000000c3dc1830,0x00000000c7000000)
 Metaspace       used 127371K, capacity 133134K, committed 135000K, reserved 1165312K
  class space    used 15818K, capacity 17133K, committed 18776K, reserved 1048576K
}
Event: 6613,425 GC heap before
{Heap before GC invocations=74 (full 8):
 PSYoungGen      total 428544K, used 20161K [0x00000000e0000000, 0x00000000fff80000, 0x0000000100000000)
  eden space 327680K, 0% used [0x00000000e0000000,0x00000000e0000000,0x00000000f4000000)
  from space 100864K, 19% used [0x00000000f9d00000,0x00000000fb0b0620,0x00000000fff80000)
  to   space 95232K, 0% used [0x00000000f4000000,0x00000000f4000000,0x00000000f9d00000)
 ParOldGen       total 638976K, used 587526K [0x00000000a0000000, 0x00000000c7000000, 0x00000000e0000000)
  object space 638976K, 91% used [0x00000000a0000000,0x00000000c3dc1830,0x00000000c7000000)
 Metaspace       used 127371K, capacity 133134K, committed 135000K, reserved 1165312K
  class space    used 15818K, capacity 17133K, committed 18776K, reserved 1048576K

